[debug] [2023-04-10T11:21:58.578Z] ----------------------------------------------------------------------
[debug] [2023-04-10T11:21:58.582Z] Command:       C:\Program Files\nodejs\node.exe C:\Users\Mobin\AppData\Roaming\npm\node_modules\firebase-tools\lib\bin\firebase.js init
[debug] [2023-04-10T11:21:58.583Z] CLI Version:   11.25.3
[debug] [2023-04-10T11:21:58.583Z] Platform:      win32
[debug] [2023-04-10T11:21:58.584Z] Node Version:  v18.13.0
[debug] [2023-04-10T11:21:58.586Z] Time:          Mon Apr 10 2023 16:51:58 GMT+0530 (India Standard Time)
[debug] [2023-04-10T11:21:58.587Z] ----------------------------------------------------------------------
[debug] 
[debug] [2023-04-10T11:21:58.603Z] > command requires scopes: ["email","openid","https://www.googleapis.com/auth/cloudplatformprojects.readonly","https://www.googleapis.com/auth/firebase","https://www.googleapis.com/auth/cloud-platform"]
[debug] [2023-04-10T11:21:58.604Z] > authorizing via signed-in user (mailtofaisal2@gmail.com)
[info] 
     ######## #### ########  ######## ########     ###     ######  ########
     ##        ##  ##     ## ##       ##     ##  ##   ##  ##       ##
     ######    ##  ########  ######   ########  #########  ######  ######
     ##        ##  ##    ##  ##       ##     ## ##     ##       ## ##
     ##       #### ##     ## ######## ########  ##     ##  ######  ########

You're about to initialize a Firebase project in this directory:

  C:\Users\Mobin\Desktop\FINAL ONEBITE\frontend-onebite

[info] 
=== Project Setup
[info] 
[info] First, let's associate this project directory with a Firebase project.
[info] You can create multiple project aliases by running firebase use --add, 
[info] but for now we'll just set up a default project.
[info] 
[debug] [2023-04-10T11:22:14.624Z] >>> [apiv2][query] GET https://firebase.googleapis.com/v1beta1/projects pageSize=100
[debug] [2023-04-10T11:22:16.600Z] <<< [apiv2][status] GET https://firebase.googleapis.com/v1beta1/projects 200
[debug] [2023-04-10T11:22:16.600Z] <<< [apiv2][body] GET https://firebase.googleapis.com/v1beta1/projects [omitted]
[info] i  Using project onebite-panjim (onebite-panjim) 
[info] 
=== Hosting Setup
[info] 
[info] Your public directory is the folder (relative to your project directory) that
[info] will contain Hosting assets to be uploaded with firebase deploy. If you
[info] have a build process for your assets, use your build's output directory.
[info] 
